  0%|                                                                                                                                                                                                                                                       | 0/1 [00:00<?, ?it/s]INFO:root:training epoch 1
0it [00:00, ?it/s]
  0%|                                                                                                                                                                                                                                                       | 0/1 [00:10<?, ?it/s]
Traceback (most recent call last):
  File "/home/alex_ch/Documents/flax_vit/vit/nn/test_training.py", line 130, in <module>
    test_full_training()
  File "/home/alex_ch/Documents/flax_vit/vit/nn/test_training.py", line 121, in test_full_training
    full_trainining(
  File "/home/alex_ch/Documents/flax_vit/vit/nn/train_main.py", line 96, in full_trainining
    state, metrics = train_step(
  File "/home/alex_ch/flax_env/lib/python3.9/site-packages/jax/_src/traceback_util.py", line 162, in reraise_with_filtered_traceback
    return fun(*args, **kwargs)
  File "/home/alex_ch/flax_env/lib/python3.9/site-packages/jax/_src/api.py", line 2222, in cache_miss
    out_tree, out_flat = f_pmapped_(*args, **kwargs)
  File "/home/alex_ch/flax_env/lib/python3.9/site-packages/jax/_src/api.py", line 2095, in pmap_f
    out = pxla.xla_pmap(
  File "/home/alex_ch/flax_env/lib/python3.9/site-packages/jax/core.py", line 2042, in bind
    return map_bind(self, fun, *args, **params)
  File "/home/alex_ch/flax_env/lib/python3.9/site-packages/jax/core.py", line 2074, in map_bind
    outs = primitive.process(top_trace, fun, tracers, params)
  File "/home/alex_ch/flax_env/lib/python3.9/site-packages/jax/core.py", line 2045, in process
    return trace.process_map(self, fun, tracers, params)
  File "/home/alex_ch/flax_env/lib/python3.9/site-packages/jax/core.py", line 701, in process_call
    return primitive.impl(f, *tracers, **params)
  File "/home/alex_ch/flax_env/lib/python3.9/site-packages/jax/interpreters/pxla.py", line 970, in xla_pmap_impl
    compiled_fun, fingerprint = parallel_callable(
  File "/home/alex_ch/flax_env/lib/python3.9/site-packages/jax/linear_util.py", line 309, in memoized_fun
    ans = call(fun, *args)
  File "/home/alex_ch/flax_env/lib/python3.9/site-packages/jax/interpreters/pxla.py", line 1217, in parallel_callable
    pmap_computation = lower_parallel_callable(
  File "/home/alex_ch/flax_env/lib/python3.9/site-packages/jax/_src/profiler.py", line 313, in wrapper
    return func(*args, **kwargs)
  File "/home/alex_ch/flax_env/lib/python3.9/site-packages/jax/interpreters/pxla.py", line 1385, in lower_parallel_callable
    jaxpr, consts, replicas, parts, shards = stage_parallel_callable(
  File "/home/alex_ch/flax_env/lib/python3.9/site-packages/jax/interpreters/pxla.py", line 1292, in stage_parallel_callable
    jaxpr, out_sharded_avals, consts = pe.trace_to_jaxpr_final(
  File "/home/alex_ch/flax_env/lib/python3.9/site-packages/jax/_src/profiler.py", line 313, in wrapper
    return func(*args, **kwargs)
  File "/home/alex_ch/flax_env/lib/python3.9/site-packages/jax/interpreters/partial_eval.py", line 2068, in trace_to_jaxpr_final
    jaxpr, out_avals, consts = trace_to_subjaxpr_dynamic(
  File "/home/alex_ch/flax_env/lib/python3.9/site-packages/jax/interpreters/partial_eval.py", line 2001, in trace_to_subjaxpr_dynamic
    ans = fun.call_wrapped(*in_tracers_)
  File "/home/alex_ch/flax_env/lib/python3.9/site-packages/jax/linear_util.py", line 168, in call_wrapped
    ans = self.f(*args, **dict(self.params, **kwargs))
  File "/home/alex_ch/flax_env/lib/python3.9/site-packages/jax/_src/traceback_util.py", line 162, in reraise_with_filtered_traceback
    return fun(*args, **kwargs)
  File "/home/alex_ch/flax_env/lib/python3.9/site-packages/jax/_src/api.py", line 606, in cache_miss
    out_flat = xla.xla_call(
  File "/home/alex_ch/flax_env/lib/python3.9/site-packages/jax/core.py", line 1939, in bind
    return call_bind(self, fun, *args, **params)
  File "/home/alex_ch/flax_env/lib/python3.9/site-packages/jax/core.py", line 1955, in call_bind
    outs = top_trace.process_call(primitive, fun_, tracers, params)
  File "/home/alex_ch/flax_env/lib/python3.9/site-packages/jax/interpreters/partial_eval.py", line 1742, in process_call
    jaxpr, out_type, consts = trace_to_subjaxpr_dynamic2(f, self.main, debug_info=dbg)
  File "/home/alex_ch/flax_env/lib/python3.9/site-packages/jax/interpreters/partial_eval.py", line 2030, in trace_to_subjaxpr_dynamic2
    ans = fun.call_wrapped(*in_tracers_)
  File "/home/alex_ch/flax_env/lib/python3.9/site-packages/jax/linear_util.py", line 168, in call_wrapped
    ans = self.f(*args, **dict(self.params, **kwargs))
  File "/home/alex_ch/Documents/flax_vit/vit/nn/train_utils.py", line 99, in train_step
    (_, logits), grads = grad_fn(state.params)
  File "/home/alex_ch/flax_env/lib/python3.9/site-packages/jax/_src/traceback_util.py", line 162, in reraise_with_filtered_traceback
    return fun(*args, **kwargs)
  File "/home/alex_ch/flax_env/lib/python3.9/site-packages/jax/_src/api.py", line 1152, in value_and_grad_f
    ans, vjp_py, aux = _vjp(
  File "/home/alex_ch/flax_env/lib/python3.9/site-packages/jax/_src/api.py", line 2602, in _vjp
    out_primal, out_vjp, aux = ad.vjp(
  File "/home/alex_ch/flax_env/lib/python3.9/site-packages/jax/interpreters/ad.py", line 135, in vjp
    out_primals, pvals, jaxpr, consts, aux = linearize(traceable, *primals, has_aux=True)
  File "/home/alex_ch/flax_env/lib/python3.9/site-packages/jax/interpreters/ad.py", line 122, in linearize
    jaxpr, out_pvals, consts = pe.trace_to_jaxpr_nounits(jvpfun_flat, in_pvals)
  File "/home/alex_ch/flax_env/lib/python3.9/site-packages/jax/_src/profiler.py", line 313, in wrapper
    return func(*args, **kwargs)
  File "/home/alex_ch/flax_env/lib/python3.9/site-packages/jax/interpreters/partial_eval.py", line 768, in trace_to_jaxpr_nounits
    jaxpr, (out_pvals, consts, env) = fun.call_wrapped(pvals)
  File "/home/alex_ch/flax_env/lib/python3.9/site-packages/jax/linear_util.py", line 168, in call_wrapped
    ans = self.f(*args, **dict(self.params, **kwargs))
  File "/home/alex_ch/Documents/flax_vit/vit/nn/train_utils.py", line 83, in loss_fn
    logits = state.apply_fn(dict(params = params),
  File "/home/alex_ch/flax_env/lib/python3.9/site-packages/jax/_src/traceback_util.py", line 162, in reraise_with_filtered_traceback
    return fun(*args, **kwargs)
  File "/home/alex_ch/flax_env/lib/python3.9/site-packages/flax/linen/module.py", line 1243, in apply
    return apply(
  File "/home/alex_ch/flax_env/lib/python3.9/site-packages/flax/core/scope.py", line 865, in wrapper
    y = fn(root, *args, **kwargs)
  File "/home/alex_ch/flax_env/lib/python3.9/site-packages/flax/linen/module.py", line 1689, in scope_fn
    return fn(module.clone(parent=scope), *args, **kwargs)
  File "/home/alex_ch/flax_env/lib/python3.9/site-packages/flax/linen/module.py", line 402, in wrapped_module_method
    return self._call_wrapped_method(fun, args, kwargs)
  File "/home/alex_ch/flax_env/lib/python3.9/site-packages/flax/linen/module.py", line 705, in _call_wrapped_method
    y = fun(self, *args, **kwargs)
  File "/home/alex_ch/Documents/flax_vit/vit/nn/../vit/models.py", line 60, in __call__
    out = self.apply_embedding(x)
  File "/home/alex_ch/flax_env/lib/python3.9/site-packages/flax/linen/module.py", line 402, in wrapped_module_method
    return self._call_wrapped_method(fun, args, kwargs)
  File "/home/alex_ch/flax_env/lib/python3.9/site-packages/flax/linen/module.py", line 688, in _call_wrapped_method
    self._try_setup()
  File "/home/alex_ch/flax_env/lib/python3.9/site-packages/flax/linen/module.py", line 930, in _try_setup
    self.setup()
  File "/home/alex_ch/flax_env/lib/python3.9/site-packages/flax/linen/module.py", line 402, in wrapped_module_method
    return self._call_wrapped_method(fun, args, kwargs)
  File "/home/alex_ch/flax_env/lib/python3.9/site-packages/flax/linen/module.py", line 705, in _call_wrapped_method
    y = fun(self, *args, **kwargs)
  File "/home/alex_ch/Documents/flax_vit/vit/nn/../vit/pos_embeddings.py", line 65, in setup
    self.cls_token = self.param("cls_token",
  File "/home/alex_ch/flax_env/lib/python3.9/site-packages/flax/linen/module.py", line 1057, in param
    v = self.scope.param(name, init_fn, *init_args)
  File "/home/alex_ch/flax_env/lib/python3.9/site-packages/flax/core/scope.py", line 768, in param
    raise errors.ScopeParamShapeError(name, self.path_text,
jax._src.traceback_util.UnfilteredStackTrace: flax.errors.ScopeParamShapeError: Inconsistent shapes between value and initializer for parameter "cls_token" in "/apply_embedding": (2, 1, 1, 512), (1, 1, 512). (https://flax.readthedocs.io/en/latest/api_reference/flax.errors.html#flax.errors.ScopeParamShapeError)
The stack trace below excludes JAX-internal frames.
The preceding is the original exception that occurred, unmodified.
--------------------
The above exception was the direct cause of the following exception:
Traceback (most recent call last):
  File "/home/alex_ch/Documents/flax_vit/vit/nn/test_training.py", line 130, in <module>
    test_full_training()
  File "/home/alex_ch/Documents/flax_vit/vit/nn/test_training.py", line 121, in test_full_training
    full_trainining(
  File "/home/alex_ch/Documents/flax_vit/vit/nn/train_main.py", line 96, in full_trainining
    state, metrics = train_step(
  File "/home/alex_ch/Documents/flax_vit/vit/nn/train_utils.py", line 99, in train_step
    (_, logits), grads = grad_fn(state.params)
  File "/home/alex_ch/Documents/flax_vit/vit/nn/train_utils.py", line 83, in loss_fn
    logits = state.apply_fn(dict(params = params),
  File "/home/alex_ch/Documents/flax_vit/vit/nn/../vit/models.py", line 60, in __call__
    out = self.apply_embedding(x)
  File "/home/alex_ch/Documents/flax_vit/vit/nn/../vit/pos_embeddings.py", line 65, in setup
    self.cls_token = self.param("cls_token",
flax.errors.ScopeParamShapeError: Inconsistent shapes between value and initializer for parameter "cls_token" in "/apply_embedding": (2, 1, 1, 512), (1, 1, 512). (https://flax.readthedocs.io/en/latest/api_reference/flax.errors.html#flax.errors.ScopeParamShapeError)