  0%|                                                                                             | 0/3 [00:00<?, ?it/s]
Traceback (most recent call last):
  File "/home/alex_ch/flax_vit/vit/nn/test_training.py", line 132, in <module>
    test_full_training()
  File "/home/alex_ch/flax_vit/vit/nn/test_training.py", line 123, in test_full_training
    full_trainining(
  File "/home/alex_ch/flax_vit/vit/nn/train_main.py", line 83, in full_trainining
    state, metrics = train_step(
  File "/home/alex_ch/.venvs/flax_env/lib/python3.9/site-packages/jax/_src/traceback_util.py", line 162, in reraise_with_filtered_traceback
    return fun(*args, **kwargs)
  File "/home/alex_ch/.venvs/flax_env/lib/python3.9/site-packages/jax/_src/api.py", line 606, in cache_miss
    out_flat = xla.xla_call(
  File "/home/alex_ch/.venvs/flax_env/lib/python3.9/site-packages/jax/core.py", line 1939, in bind
    return call_bind(self, fun, *args, **params)
  File "/home/alex_ch/.venvs/flax_env/lib/python3.9/site-packages/jax/core.py", line 1955, in call_bind
    outs = top_trace.process_call(primitive, fun_, tracers, params)
  File "/home/alex_ch/.venvs/flax_env/lib/python3.9/site-packages/jax/core.py", line 701, in process_call
    return primitive.impl(f, *tracers, **params)
  File "/home/alex_ch/.venvs/flax_env/lib/python3.9/site-packages/jax/_src/dispatch.py", line 234, in _xla_call_impl
    compiled_fun = xla_callable(fun, device, backend, name, donated_invars,
  File "/home/alex_ch/.venvs/flax_env/lib/python3.9/site-packages/jax/linear_util.py", line 309, in memoized_fun
    ans = call(fun, *args)
  File "/home/alex_ch/.venvs/flax_env/lib/python3.9/site-packages/jax/_src/dispatch.py", line 342, in _xla_callable_uncached
    return lower_xla_callable(fun, device, backend, name, donated_invars, False,
  File "/home/alex_ch/.venvs/flax_env/lib/python3.9/site-packages/jax/_src/profiler.py", line 313, in wrapper
    return func(*args, **kwargs)
  File "/home/alex_ch/.venvs/flax_env/lib/python3.9/site-packages/jax/_src/dispatch.py", line 428, in lower_xla_callable
    jaxpr, out_type, consts = pe.trace_to_jaxpr_final2(
  File "/home/alex_ch/.venvs/flax_env/lib/python3.9/site-packages/jax/_src/profiler.py", line 313, in wrapper
    return func(*args, **kwargs)
  File "/home/alex_ch/.venvs/flax_env/lib/python3.9/site-packages/jax/interpreters/partial_eval.py", line 2080, in trace_to_jaxpr_final2
    jaxpr, out_type, consts = trace_to_subjaxpr_dynamic2(fun, main, debug_info)
  File "/home/alex_ch/.venvs/flax_env/lib/python3.9/site-packages/jax/interpreters/partial_eval.py", line 2030, in trace_to_subjaxpr_dynamic2
    ans = fun.call_wrapped(*in_tracers_)
  File "/home/alex_ch/.venvs/flax_env/lib/python3.9/site-packages/jax/linear_util.py", line 168, in call_wrapped
    ans = self.f(*args, **dict(self.params, **kwargs))
  File "/home/alex_ch/flax_vit/vit/nn/train_utils.py", line 97, in train_step
    (_, logits), grads = grad_fn(state.params)
  File "/home/alex_ch/.venvs/flax_env/lib/python3.9/site-packages/jax/_src/traceback_util.py", line 162, in reraise_with_filtered_traceback
    return fun(*args, **kwargs)
  File "/home/alex_ch/.venvs/flax_env/lib/python3.9/site-packages/jax/_src/api.py", line 1154, in value_and_grad_f
    _check_scalar(ans)
  File "/home/alex_ch/.venvs/flax_env/lib/python3.9/site-packages/jax/_src/api.py", line 1174, in _check_scalar
    raise TypeError(msg(f"had shape: {aval.shape}"))
jax._src.traceback_util.UnfilteredStackTrace: TypeError: Gradient only defined for scalar-output functions. Output had shape: (2,).
The stack trace below excludes JAX-internal frames.
The preceding is the original exception that occurred, unmodified.
--------------------
The above exception was the direct cause of the following exception:
Traceback (most recent call last):
  File "/home/alex_ch/flax_vit/vit/nn/test_training.py", line 132, in <module>
    test_full_training()
  File "/home/alex_ch/flax_vit/vit/nn/test_training.py", line 123, in test_full_training
    full_trainining(
  File "/home/alex_ch/flax_vit/vit/nn/train_main.py", line 83, in full_trainining
    state, metrics = train_step(
  File "/home/alex_ch/flax_vit/vit/nn/train_utils.py", line 97, in train_step
    (_, logits), grads = grad_fn(state.params)
TypeError: Gradient only defined for scalar-output functions. Output had shape: (2,).